Arguments: 
  /Users/ricardo.yasuda/.nvm/versions/node/v9.9.0/bin/node /usr/local/Cellar/yarn/1.13.0/libexec/bin/yarn.js install

PATH: 
  /Users/ricardo.yasuda/.nvm/versions/node/v9.9.0/bin:/usr/local/opt/mysql@5.7/bin:/usr/local/opt/postgresql@9.5/bin:/Users/ricardo.yasuda/.rbenv/shims:/Users/ricardo.yasuda/.cargo/bin:/Users/ricardo.yasuda/.rbenv/shims:/usr/local/heroku/bin:/opt/local/bin:/opt/local/sbin:/usr/local/mysql/bin:/usr/local/Cellar/postgresql@9.5/9.5.10/bin:/usr/local/bin:/usr/local/sbin:/Users/ricardo.yasuda/bin:/usr/local/opt/python/libexec/bin:/Users/ricardo.yasuda/Library/Python/3.7/bin:/usr/local/bin:/usr/bin:/bin:/usr/sbin:/sbin:/usr/local/munki:/Users/ricardo.yasuda/Go/bin:/usr/local/opt/go/libexec/bin

Yarn version: 
  1.13.0

Node version: 
  9.9.0

Platform: 
  darwin x64

Trace: 
  SyntaxError: /Users/ricardo.yasuda/src/alexa-ps-plus-free-games-pt-br/package.json: Unexpected string in JSON at position 393
      at JSON.parse (<anonymous>)
      at /usr/local/Cellar/yarn/1.13.0/libexec/lib/cli.js:1625:59
      at Generator.next (<anonymous>)
      at step (/usr/local/Cellar/yarn/1.13.0/libexec/lib/cli.js:304:30)
      at /usr/local/Cellar/yarn/1.13.0/libexec/lib/cli.js:315:13
      at <anonymous>

npm manifest: 
  {
    "name": "alexa-ps-plus-free-games-pt-br",
    "version": "1.0.0",
    "description": "Pega os jogos grátis do mês na PS Plus",
    "main": "index.js",
    "scripts": {
      "test": "echo \"Error: no test specified\" && exit 1"
    },
    "keywords": [
      "alexa",
      "skill",
      "ps plus"
    ],
    "author": "Ricardo Yasuda",
    "license": "Apache-2.0",
    "dependencies": {
      "ask-sdk": "^2.0.0"
      "request": "latest",
      "cheerio": "latest"
    }
  }

yarn manifest: 
  No manifest

Lockfile: 
  No lockfile
